c:\users\njtan\source\repos\game engine trial1\bin-int\debug-windows-x86_64\engine\vc142.pdb
c:\users\njtan\source\repos\game engine trial1\bin-int\debug-windows-x86_64\engine\vc142.idb
c:\users\njtan\source\repos\game engine trial1\bin-int\debug-windows-x86_64\engine\glad.nativecodeanalysis.sarif
c:\users\njtan\source\repos\game engine trial1\bin-int\debug-windows-x86_64\engine\glad.nativecodeanalysis.xml
c:\users\njtan\source\repos\game engine trial1\bin-int\debug-windows-x86_64\engine\glad.obj
c:\users\njtan\source\repos\game engine trial1\bin-int\debug-windows-x86_64\engine\main.nativecodeanalysis.sarif
c:\users\njtan\source\repos\game engine trial1\bin-int\debug-windows-x86_64\engine\main.nativecodeanalysis.xml
c:\users\njtan\source\repos\game engine trial1\bin-int\debug-windows-x86_64\engine\loader.nativecodeanalysis.sarif
c:\users\njtan\source\repos\game engine trial1\bin-int\debug-windows-x86_64\engine\loader.nativecodeanalysis.xml
c:\users\njtan\source\repos\game engine trial1\bin-int\debug-windows-x86_64\engine\shader.nativecodeanalysis.sarif
c:\users\njtan\source\repos\game engine trial1\bin-int\debug-windows-x86_64\engine\shader.nativecodeanalysis.xml
c:\users\njtan\source\repos\game engine trial1\bin-int\debug-windows-x86_64\engine\renderer.nativecodeanalysis.sarif
c:\users\njtan\source\repos\game engine trial1\bin-int\debug-windows-x86_64\engine\renderer.nativecodeanalysis.xml
c:\users\njtan\source\repos\game engine trial1\bin-int\debug-windows-x86_64\engine\mesh.nativecodeanalysis.sarif
c:\users\njtan\source\repos\game engine trial1\bin-int\debug-windows-x86_64\engine\mesh.nativecodeanalysis.xml
c:\users\njtan\source\repos\game engine trial1\bin-int\debug-windows-x86_64\engine\mesh.obj
c:\users\njtan\source\repos\game engine trial1\bin-int\debug-windows-x86_64\engine\renderer.obj
c:\users\njtan\source\repos\game engine trial1\bin-int\debug-windows-x86_64\engine\shader.obj
c:\users\njtan\source\repos\game engine trial1\bin-int\debug-windows-x86_64\engine\loader.obj
c:\users\njtan\source\repos\game engine trial1\bin-int\debug-windows-x86_64\engine\main.obj
c:\users\njtan\source\repos\game engine trial1\bin\debug-windows-x86_64\engine\engine.ilk
c:\users\njtan\source\repos\game engine trial1\bin\debug-windows-x86_64\engine\engine.exe
c:\users\njtan\source\repos\game engine trial1\bin\debug-windows-x86_64\engine\engine.pdb
c:\users\njtan\source\repos\game engine trial1\bin-int\debug-windows-x86_64\engine\vc.nativecodeanalysis.all.xml
c:\users\njtan\source\repos\game engine trial1\bin-int\debug-windows-x86_64\engine\engine.tlog\cl.command.1.tlog
c:\users\njtan\source\repos\game engine trial1\bin-int\debug-windows-x86_64\engine\engine.tlog\cl.read.1.tlog
c:\users\njtan\source\repos\game engine trial1\bin-int\debug-windows-x86_64\engine\engine.tlog\cl.write.1.tlog
c:\users\njtan\source\repos\game engine trial1\bin-int\debug-windows-x86_64\engine\engine.tlog\link.command.1.tlog
c:\users\njtan\source\repos\game engine trial1\bin-int\debug-windows-x86_64\engine\engine.tlog\link.read.1.tlog
c:\users\njtan\source\repos\game engine trial1\bin-int\debug-windows-x86_64\engine\engine.tlog\link.write.1.tlog
